{"/Users/rossmobiledevelopment/GitProjects/spring-cloud-config/index.js":{"path":"/Users/rossmobiledevelopment/GitProjects/spring-cloud-config/index.js","s":{"1":1,"2":1,"3":1,"4":1,"5":1,"6":1,"7":1,"8":1,"9":1,"10":1,"11":1,"12":1,"13":9,"14":9,"15":9,"16":9,"17":8,"18":8,"19":8,"20":8,"21":7,"22":7,"23":7,"24":1,"25":7,"26":7,"27":7,"28":7,"29":7,"30":7,"31":2,"32":2,"33":1,"34":11,"35":10,"36":10,"37":5,"38":5,"39":5,"40":1,"41":1,"42":1,"43":1,"44":0,"45":4,"46":10,"47":10,"48":1,"49":9,"50":9,"51":9,"52":8,"53":8,"54":8,"55":7,"56":7,"57":6,"58":7,"59":7,"60":7,"61":1,"62":1,"63":0,"64":0,"65":1,"66":1,"67":20,"68":20,"69":18,"70":0,"71":1,"72":23,"73":23,"74":23,"75":23,"76":23,"77":39,"78":28,"79":21,"80":2,"81":2,"82":1,"83":54,"84":54,"85":22,"86":32,"87":30,"88":30,"89":66,"90":66,"91":5,"92":5,"93":2,"94":61,"95":23,"96":52,"97":1,"98":18,"99":18,"100":34,"101":18,"102":1,"103":28,"104":28,"105":27,"106":44,"107":44,"108":28,"109":1,"110":119,"111":47,"112":72,"113":72,"114":72,"115":72,"116":72,"117":1,"118":11,"119":2,"120":9,"121":9,"122":1,"123":1,"124":1,"125":1,"126":1,"127":1,"128":1,"129":1,"130":1},"b":{"1":[1,1],"2":[8,1],"3":[1,6],"4":[7,1,1,1],"5":[1,4],"6":[8,1],"7":[7,0],"8":[28,11],"9":[22,32],"10":[54,53],"11":[30,2],"12":[32,31],"13":[66,0],"14":[5,61],"15":[2,3],"16":[23,38],"17":[27,1],"18":[47,72],"19":[2,9],"20":[11,10],"21":[9,0]},"f":{"1":9,"2":9,"3":2,"4":11,"5":5,"6":9,"7":6,"8":20,"9":23,"10":23,"11":54,"12":18,"13":28,"14":119,"15":11,"16":1},"fnMap":{"1":{"name":"readConfig","line":21,"loc":{"start":{"line":21,"column":0},"end":{"line":21,"column":29}}},"2":{"name":"(anonymous_2)","line":22,"loc":{"start":{"line":22,"column":20},"end":{"line":22,"column":47}}},"3":{"name":"(anonymous_3)","line":51,"loc":{"start":{"line":51,"column":11},"end":{"line":51,"column":28}}},"4":{"name":"readApplicationConfig","line":64,"loc":{"start":{"line":64,"column":0},"end":{"line":64,"column":62}}},"5":{"name":"(anonymous_5)","line":68,"loc":{"start":{"line":68,"column":26},"end":{"line":68,"column":50}}},"6":{"name":"readCloudConfig","line":95,"loc":{"start":{"line":95,"column":0},"end":{"line":95,"column":42}}},"7":{"name":"(anonymous_7)","line":103,"loc":{"start":{"line":103,"column":36},"end":{"line":103,"column":57}}},"8":{"name":"readYamlAsDocument","line":130,"loc":{"start":{"line":130,"column":0},"end":{"line":130,"column":58}}},"9":{"name":"readYaml","line":149,"loc":{"start":{"line":149,"column":0},"end":{"line":149,"column":48}}},"10":{"name":"(anonymous_10)","line":150,"loc":{"start":{"line":150,"column":20},"end":{"line":150,"column":46}}},"11":{"name":"shouldUseDocument","line":175,"loc":{"start":{"line":175,"column":0},"end":{"line":175,"column":53}}},"12":{"name":"mergeProperties","line":203,"loc":{"start":{"line":203,"column":0},"end":{"line":203,"column":34}}},"13":{"name":"parsePropertiesToObjects","line":218,"loc":{"start":{"line":218,"column":0},"end":{"line":218,"column":52}}},"14":{"name":"createObjectForProperty","line":237,"loc":{"start":{"line":237,"column":0},"end":{"line":237,"column":62}}},"15":{"name":"(anonymous_15)","line":254,"loc":{"start":{"line":254,"column":22},"end":{"line":254,"column":40}}},"16":{"name":"(anonymous_16)","line":264,"loc":{"start":{"line":264,"column":26},"end":{"line":264,"column":37}}}},"statementMap":{"1":{"start":{"line":1,"column":0},"end":{"line":1,"column":32}},"2":{"start":{"line":2,"column":0},"end":{"line":2,"column":25}},"3":{"start":{"line":3,"column":0},"end":{"line":3,"column":27}},"4":{"start":{"line":4,"column":0},"end":{"line":4,"column":57}},"5":{"start":{"line":5,"column":0},"end":{"line":5,"column":35}},"6":{"start":{"line":6,"column":0},"end":{"line":6,"column":25}},"7":{"start":{"line":7,"column":0},"end":{"line":7,"column":33}},"8":{"start":{"line":9,"column":0},"end":{"line":9,"column":35}},"9":{"start":{"line":10,"column":0},"end":{"line":10,"column":31}},"10":{"start":{"line":12,"column":0},"end":{"line":12,"column":20}},"11":{"start":{"line":13,"column":0},"end":{"line":13,"column":13}},"12":{"start":{"line":21,"column":0},"end":{"line":56,"column":1}},"13":{"start":{"line":22,"column":1},"end":{"line":55,"column":4}},"14":{"start":{"line":23,"column":2},"end":{"line":23,"column":29}},"15":{"start":{"line":25,"column":2},"end":{"line":25,"column":92}},"16":{"start":{"line":26,"column":2},"end":{"line":54,"column":5}},"17":{"start":{"line":27,"column":3},"end":{"line":27,"column":77}},"18":{"start":{"line":28,"column":3},"end":{"line":28,"column":82}},"19":{"start":{"line":29,"column":3},"end":{"line":29,"column":41}},"20":{"start":{"line":31,"column":3},"end":{"line":31,"column":76}},"21":{"start":{"line":33,"column":3},"end":{"line":33,"column":82}},"22":{"start":{"line":34,"column":3},"end":{"line":34,"column":45}},"23":{"start":{"line":35,"column":3},"end":{"line":39,"column":90}},"24":{"start":{"line":39,"column":4},"end":{"line":39,"column":90}},"25":{"start":{"line":41,"column":3},"end":{"line":41,"column":43}},"26":{"start":{"line":43,"column":3},"end":{"line":43,"column":39}},"27":{"start":{"line":45,"column":3},"end":{"line":45,"column":43}},"28":{"start":{"line":47,"column":3},"end":{"line":47,"column":49}},"29":{"start":{"line":49,"column":3},"end":{"line":49,"column":61}},"30":{"start":{"line":50,"column":3},"end":{"line":50,"column":21}},"31":{"start":{"line":52,"column":3},"end":{"line":52,"column":23}},"32":{"start":{"line":53,"column":3},"end":{"line":53,"column":17}},"33":{"start":{"line":64,"column":0},"end":{"line":87,"column":1}},"34":{"start":{"line":65,"column":1},"end":{"line":86,"column":3}},"35":{"start":{"line":67,"column":3},"end":{"line":67,"column":42}},"36":{"start":{"line":68,"column":3},"end":{"line":82,"column":6}},"37":{"start":{"line":69,"column":4},"end":{"line":69,"column":70}},"38":{"start":{"line":70,"column":4},"end":{"line":70,"column":76}},"39":{"start":{"line":71,"column":4},"end":{"line":81,"column":5}},"40":{"start":{"line":72,"column":5},"end":{"line":78,"column":6}},"41":{"start":{"line":73,"column":6},"end":{"line":73,"column":84}},"42":{"start":{"line":74,"column":6},"end":{"line":74,"column":54}},"43":{"start":{"line":75,"column":6},"end":{"line":75,"column":31}},"44":{"start":{"line":77,"column":6},"end":{"line":77,"column":76}},"45":{"start":{"line":80,"column":5},"end":{"line":80,"column":77}},"46":{"start":{"line":83,"column":3},"end":{"line":83,"column":53}},"47":{"start":{"line":84,"column":3},"end":{"line":84,"column":43}},"48":{"start":{"line":95,"column":0},"end":{"line":122,"column":1}},"49":{"start":{"line":96,"column":1},"end":{"line":121,"column":4}},"50":{"start":{"line":97,"column":2},"end":{"line":97,"column":23}},"51":{"start":{"line":98,"column":2},"end":{"line":120,"column":3}},"52":{"start":{"line":99,"column":3},"end":{"line":117,"column":4}},"53":{"start":{"line":100,"column":4},"end":{"line":100,"column":97}},"54":{"start":{"line":101,"column":4},"end":{"line":113,"column":7}},"55":{"start":{"line":102,"column":5},"end":{"line":107,"column":6}},"56":{"start":{"line":103,"column":6},"end":{"line":105,"column":16}},"57":{"start":{"line":104,"column":7},"end":{"line":104,"column":32}},"58":{"start":{"line":106,"column":6},"end":{"line":106,"column":58}},"59":{"start":{"line":108,"column":5},"end":{"line":108,"column":66}},"60":{"start":{"line":109,"column":5},"end":{"line":109,"column":26}},"61":{"start":{"line":111,"column":5},"end":{"line":111,"column":67}},"62":{"start":{"line":112,"column":5},"end":{"line":112,"column":26}},"63":{"start":{"line":115,"column":4},"end":{"line":115,"column":73}},"64":{"start":{"line":116,"column":4},"end":{"line":116,"column":25}},"65":{"start":{"line":119,"column":3},"end":{"line":119,"column":24}},"66":{"start":{"line":130,"column":0},"end":{"line":138,"column":1}},"67":{"start":{"line":131,"column":1},"end":{"line":137,"column":2}},"68":{"start":{"line":132,"column":2},"end":{"line":134,"column":5}},"69":{"start":{"line":133,"column":3},"end":{"line":133,"column":61}},"70":{"start":{"line":136,"column":2},"end":{"line":136,"column":31}},"71":{"start":{"line":149,"column":0},"end":{"line":165,"column":1}},"72":{"start":{"line":150,"column":1},"end":{"line":164,"column":4}},"73":{"start":{"line":151,"column":2},"end":{"line":163,"column":3}},"74":{"start":{"line":152,"column":3},"end":{"line":152,"column":16}},"75":{"start":{"line":153,"column":3},"end":{"line":153,"column":61}},"76":{"start":{"line":154,"column":3},"end":{"line":157,"column":6}},"77":{"start":{"line":155,"column":4},"end":{"line":156,"column":32}},"78":{"start":{"line":156,"column":5},"end":{"line":156,"column":32}},"79":{"start":{"line":159,"column":3},"end":{"line":159,"column":16}},"80":{"start":{"line":161,"column":3},"end":{"line":161,"column":19}},"81":{"start":{"line":162,"column":3},"end":{"line":162,"column":13}},"82":{"start":{"line":175,"column":0},"end":{"line":193,"column":1}},"83":{"start":{"line":176,"column":1},"end":{"line":176,"column":24}},"84":{"start":{"line":177,"column":1},"end":{"line":191,"column":2}},"85":{"start":{"line":178,"column":2},"end":{"line":178,"column":20}},"86":{"start":{"line":179,"column":6},"end":{"line":191,"column":2}},"87":{"start":{"line":180,"column":2},"end":{"line":180,"column":54}},"88":{"start":{"line":181,"column":2},"end":{"line":190,"column":3}},"89":{"start":{"line":182,"column":3},"end":{"line":189,"column":4}},"90":{"start":{"line":183,"column":4},"end":{"line":188,"column":23}},"91":{"start":{"line":184,"column":5},"end":{"line":184,"column":59}},"92":{"start":{"line":185,"column":5},"end":{"line":186,"column":19}},"93":{"start":{"line":186,"column":6},"end":{"line":186,"column":19}},"94":{"start":{"line":187,"column":11},"end":{"line":188,"column":23}},"95":{"start":{"line":188,"column":5},"end":{"line":188,"column":23}},"96":{"start":{"line":192,"column":1},"end":{"line":192,"column":19}},"97":{"start":{"line":203,"column":0},"end":{"line":209,"column":1}},"98":{"start":{"line":204,"column":1},"end":{"line":204,"column":23}},"99":{"start":{"line":205,"column":1},"end":{"line":207,"column":2}},"100":{"start":{"line":206,"column":2},"end":{"line":206,"column":41}},"101":{"start":{"line":208,"column":1},"end":{"line":208,"column":21}},"102":{"start":{"line":218,"column":0},"end":{"line":227,"column":1}},"103":{"start":{"line":219,"column":1},"end":{"line":219,"column":17}},"104":{"start":{"line":220,"column":1},"end":{"line":225,"column":2}},"105":{"start":{"line":221,"column":2},"end":{"line":224,"column":3}},"106":{"start":{"line":222,"column":3},"end":{"line":222,"column":117}},"107":{"start":{"line":223,"column":3},"end":{"line":223,"column":44}},"108":{"start":{"line":226,"column":1},"end":{"line":226,"column":15}},"109":{"start":{"line":237,"column":0},"end":{"line":247,"column":1}},"110":{"start":{"line":238,"column":1},"end":{"line":239,"column":23}},"111":{"start":{"line":239,"column":2},"end":{"line":239,"column":23}},"112":{"start":{"line":241,"column":1},"end":{"line":241,"column":47}},"113":{"start":{"line":242,"column":1},"end":{"line":242,"column":80}},"114":{"start":{"line":243,"column":1},"end":{"line":243,"column":21}},"115":{"start":{"line":244,"column":1},"end":{"line":244,"column":50}},"116":{"start":{"line":246,"column":1},"end":{"line":246,"column":19}},"117":{"start":{"line":254,"column":0},"end":{"line":262,"column":2}},"118":{"start":{"line":256,"column":1},"end":{"line":257,"column":87}},"119":{"start":{"line":257,"column":2},"end":{"line":257,"column":87}},"120":{"start":{"line":259,"column":1},"end":{"line":259,"column":57}},"121":{"start":{"line":261,"column":1},"end":{"line":261,"column":28}},"122":{"start":{"line":264,"column":0},"end":{"line":266,"column":2}},"123":{"start":{"line":265,"column":1},"end":{"line":265,"column":17}},"124":{"start":{"line":269,"column":0},"end":{"line":269,"column":60}},"125":{"start":{"line":270,"column":0},"end":{"line":270,"column":49}},"126":{"start":{"line":271,"column":0},"end":{"line":271,"column":35}},"127":{"start":{"line":272,"column":0},"end":{"line":272,"column":53}},"128":{"start":{"line":273,"column":0},"end":{"line":273,"column":49}},"129":{"start":{"line":274,"column":0},"end":{"line":274,"column":67}},"130":{"start":{"line":275,"column":0},"end":{"line":275,"column":65}}},"branchMap":{"1":{"line":10,"type":"binary-expr","locations":[{"start":{"line":10,"column":13},"end":{"line":10,"column":17}},{"start":{"line":10,"column":21},"end":{"line":10,"column":30}}]},"2":{"line":25,"type":"cond-expr","locations":[{"start":{"line":25,"column":49},"end":{"line":25,"column":70}},{"start":{"line":25,"column":73},"end":{"line":25,"column":91}}]},"3":{"line":35,"type":"if","locations":[{"start":{"line":35,"column":3},"end":{"line":35,"column":3}},{"start":{"line":35,"column":3},"end":{"line":35,"column":3}}]},"4":{"line":35,"type":"binary-expr","locations":[{"start":{"line":35,"column":7},"end":{"line":35,"column":31}},{"start":{"line":36,"column":8},"end":{"line":36,"column":38}},{"start":{"line":37,"column":8},"end":{"line":37,"column":45}},{"start":{"line":38,"column":8},"end":{"line":38,"column":50}}]},"5":{"line":71,"type":"if","locations":[{"start":{"line":71,"column":4},"end":{"line":71,"column":4}},{"start":{"line":71,"column":4},"end":{"line":71,"column":4}}]},"6":{"line":98,"type":"if","locations":[{"start":{"line":98,"column":2},"end":{"line":98,"column":2}},{"start":{"line":98,"column":2},"end":{"line":98,"column":2}}]},"7":{"line":102,"type":"if","locations":[{"start":{"line":102,"column":5},"end":{"line":102,"column":5}},{"start":{"line":102,"column":5},"end":{"line":102,"column":5}}]},"8":{"line":155,"type":"if","locations":[{"start":{"line":155,"column":4},"end":{"line":155,"column":4}},{"start":{"line":155,"column":4},"end":{"line":155,"column":4}}]},"9":{"line":177,"type":"if","locations":[{"start":{"line":177,"column":1},"end":{"line":177,"column":1}},{"start":{"line":177,"column":1},"end":{"line":177,"column":1}}]},"10":{"line":177,"type":"binary-expr","locations":[{"start":{"line":177,"column":5},"end":{"line":177,"column":13}},{"start":{"line":177,"column":17},"end":{"line":177,"column":35}}]},"11":{"line":179,"type":"if","locations":[{"start":{"line":179,"column":6},"end":{"line":179,"column":6}},{"start":{"line":179,"column":6},"end":{"line":179,"column":6}}]},"12":{"line":179,"type":"binary-expr","locations":[{"start":{"line":179,"column":10},"end":{"line":179,"column":18}},{"start":{"line":179,"column":22},"end":{"line":179,"column":36}}]},"13":{"line":182,"type":"if","locations":[{"start":{"line":182,"column":3},"end":{"line":182,"column":3}},{"start":{"line":182,"column":3},"end":{"line":182,"column":3}}]},"14":{"line":183,"type":"if","locations":[{"start":{"line":183,"column":4},"end":{"line":183,"column":4}},{"start":{"line":183,"column":4},"end":{"line":183,"column":4}}]},"15":{"line":185,"type":"if","locations":[{"start":{"line":185,"column":5},"end":{"line":185,"column":5}},{"start":{"line":185,"column":5},"end":{"line":185,"column":5}}]},"16":{"line":187,"type":"if","locations":[{"start":{"line":187,"column":11},"end":{"line":187,"column":11}},{"start":{"line":187,"column":11},"end":{"line":187,"column":11}}]},"17":{"line":220,"type":"if","locations":[{"start":{"line":220,"column":1},"end":{"line":220,"column":1}},{"start":{"line":220,"column":1},"end":{"line":220,"column":1}}]},"18":{"line":238,"type":"if","locations":[{"start":{"line":238,"column":1},"end":{"line":238,"column":1}},{"start":{"line":238,"column":1},"end":{"line":238,"column":1}}]},"19":{"line":256,"type":"if","locations":[{"start":{"line":256,"column":1},"end":{"line":256,"column":1}},{"start":{"line":256,"column":1},"end":{"line":256,"column":1}}]},"20":{"line":256,"type":"binary-expr","locations":[{"start":{"line":256,"column":7},"end":{"line":256,"column":25}},{"start":{"line":256,"column":29},"end":{"line":256,"column":51}}]},"21":{"line":259,"type":"cond-expr","locations":[{"start":{"line":259,"column":33},"end":{"line":259,"column":46}},{"start":{"line":259,"column":49},"end":{"line":259,"column":55}}]}}},"/Users/rossmobiledevelopment/GitProjects/spring-cloud-config/logger.js":{"path":"/Users/rossmobiledevelopment/GitProjects/spring-cloud-config/logger.js","s":{"1":1,"2":1,"3":1,"4":71,"5":1,"6":0,"7":1},"b":{},"f":{"1":0},"fnMap":{"1":{"name":"(anonymous_1)","line":16,"loc":{"start":{"line":16,"column":17},"end":{"line":16,"column":28}}}},"statementMap":{"1":{"start":{"line":1,"column":0},"end":{"line":1,"column":64}},"2":{"start":{"line":2,"column":0},"end":{"line":2,"column":56}},"3":{"start":{"line":4,"column":0},"end":{"line":6,"column":3}},"4":{"start":{"line":5,"column":2},"end":{"line":5,"column":60}},"5":{"start":{"line":8,"column":0},"end":{"line":21,"column":2}},"6":{"start":{"line":17,"column":8},"end":{"line":17,"column":40}},"7":{"start":{"line":23,"column":0},"end":{"line":23,"column":45}}},"branchMap":{}}}