TN:
SF:/Users/rossmobiledevelopment/GitProjects/spring-cloud-config/index.js
FN:21,readConfig
FN:22,(anonymous_2)
FN:51,(anonymous_3)
FN:64,readApplicationConfig
FN:68,(anonymous_5)
FN:95,readCloudConfig
FN:103,(anonymous_7)
FN:130,readYamlAsDocument
FN:149,readYaml
FN:150,(anonymous_10)
FN:175,shouldUseDocument
FN:203,mergeProperties
FN:218,parsePropertiesToObjects
FN:237,createObjectForProperty
FN:254,(anonymous_15)
FN:264,(anonymous_16)
FNF:16
FNH:16
FNDA:9,readConfig
FNDA:9,(anonymous_2)
FNDA:2,(anonymous_3)
FNDA:11,readApplicationConfig
FNDA:5,(anonymous_5)
FNDA:9,readCloudConfig
FNDA:6,(anonymous_7)
FNDA:20,readYamlAsDocument
FNDA:23,readYaml
FNDA:23,(anonymous_10)
FNDA:54,shouldUseDocument
FNDA:18,mergeProperties
FNDA:28,parsePropertiesToObjects
FNDA:119,createObjectForProperty
FNDA:11,(anonymous_15)
FNDA:1,(anonymous_16)
DA:1,1
DA:2,1
DA:3,1
DA:4,1
DA:5,1
DA:6,1
DA:7,1
DA:9,1
DA:10,1
DA:12,1
DA:13,1
DA:21,1
DA:22,9
DA:23,9
DA:25,9
DA:26,9
DA:27,8
DA:28,8
DA:29,8
DA:31,8
DA:33,7
DA:34,7
DA:35,7
DA:39,1
DA:41,7
DA:43,7
DA:45,7
DA:47,7
DA:49,7
DA:50,7
DA:52,2
DA:53,2
DA:64,1
DA:65,11
DA:67,10
DA:68,10
DA:69,5
DA:70,5
DA:71,5
DA:72,1
DA:73,1
DA:74,1
DA:75,1
DA:77,0
DA:80,4
DA:83,10
DA:84,10
DA:95,1
DA:96,9
DA:97,9
DA:98,9
DA:99,8
DA:100,8
DA:101,8
DA:102,7
DA:103,7
DA:104,6
DA:106,7
DA:108,7
DA:109,7
DA:111,1
DA:112,1
DA:115,0
DA:116,0
DA:119,1
DA:130,1
DA:131,20
DA:132,20
DA:133,18
DA:136,0
DA:149,1
DA:150,23
DA:151,23
DA:152,23
DA:153,23
DA:154,23
DA:155,39
DA:156,28
DA:159,21
DA:161,2
DA:162,2
DA:175,1
DA:176,54
DA:177,54
DA:178,22
DA:179,32
DA:180,30
DA:181,30
DA:182,66
DA:183,66
DA:184,5
DA:185,5
DA:186,2
DA:187,61
DA:188,23
DA:192,52
DA:203,1
DA:204,18
DA:205,18
DA:206,34
DA:208,18
DA:218,1
DA:219,28
DA:220,28
DA:221,27
DA:222,44
DA:223,44
DA:226,28
DA:237,1
DA:238,119
DA:239,47
DA:241,72
DA:242,72
DA:243,72
DA:244,72
DA:246,72
DA:254,1
DA:256,11
DA:257,2
DA:259,9
DA:261,9
DA:264,1
DA:265,1
DA:269,1
DA:270,1
DA:271,1
DA:272,1
DA:273,1
DA:274,1
DA:275,1
LF:130
LH:126
BRDA:10,1,0,1
BRDA:10,1,1,1
BRDA:25,2,0,8
BRDA:25,2,1,1
BRDA:35,3,0,1
BRDA:35,3,1,6
BRDA:35,4,0,7
BRDA:35,4,1,1
BRDA:35,4,2,1
BRDA:35,4,3,1
BRDA:71,5,0,1
BRDA:71,5,1,4
BRDA:98,6,0,8
BRDA:98,6,1,1
BRDA:102,7,0,7
BRDA:102,7,1,0
BRDA:155,8,0,28
BRDA:155,8,1,11
BRDA:177,9,0,22
BRDA:177,9,1,32
BRDA:177,10,0,54
BRDA:177,10,1,53
BRDA:179,11,0,30
BRDA:179,11,1,2
BRDA:179,12,0,32
BRDA:179,12,1,31
BRDA:182,13,0,66
BRDA:182,13,1,0
BRDA:183,14,0,5
BRDA:183,14,1,61
BRDA:185,15,0,2
BRDA:185,15,1,3
BRDA:187,16,0,23
BRDA:187,16,1,38
BRDA:220,17,0,27
BRDA:220,17,1,1
BRDA:238,18,0,47
BRDA:238,18,1,72
BRDA:256,19,0,2
BRDA:256,19,1,9
BRDA:256,20,0,11
BRDA:256,20,1,10
BRDA:259,21,0,9
BRDA:259,21,1,0
BRF:44
BRH:41
end_of_record
TN:
SF:/Users/rossmobiledevelopment/GitProjects/spring-cloud-config/logger.js
FN:16,(anonymous_1)
FNF:1
FNH:0
FNDA:0,(anonymous_1)
DA:1,1
DA:2,1
DA:4,1
DA:5,71
DA:8,1
DA:17,0
DA:23,1
LF:7
LH:6
BRF:0
BRH:0
end_of_record
